Starting Dynare (version 5.1).
Calling Dynare with arguments: none
Starting preprocessing of the model file ...
Found 12 equation(s).
Evaluating expressions...done
Computing static model derivatives (order 1).
Computing dynamic model derivatives (order 1).
Processing outputs ...
done
Preprocessing completed.


STEADY-STATE RESULTS:

c       		 0.863573
n       		 0.333333
k       		 12.2836
w       		 2.21849
R       		 0.030101
y       		 1.10925
i       		 0.245672
delta_u 		 0.02
u       		 1
r       		 0.010101
v       		 1
a       		 1

EIGENVALUES:
         Modulus             Real        Imaginary

       9.191e-16       -9.191e-16                0
       9.881e-15       -9.881e-15                0
            0.95             0.95                0
            0.97             0.97                0
          0.9761           0.9761                0
           1.035            1.035                0
       3.353e+15        3.353e+15                0
       7.505e+17        7.505e+17                0
       1.162e+19        1.162e+19                0


There are 4 eigenvalue(s) larger than 1 in modulus 
for 4 forward-looking variable(s)

The rank condition is verified.


MODEL SUMMARY

  Number of variables:         12
  Number of stochastic shocks: 2
  Number of state variables:   5
  Number of jumpers:           4
  Number of static variables:  4


MATRIX OF COVARIANCE OF EXOGENOUS SHOCKS
Variables       eps_a     eps_v
eps_a        0.000100  0.000000
eps_v        0.000000  0.000400

POLICY AND TRANSITION FUNCTIONS
                                   log(y)               log(n)               log(c)               log(i)               log(u)               log(w)               log(r)
Constant                         0.103680            -1.098612            -0.146676            -1.403759                    0             0.796827            -4.595120
log(k(-1))                      -0.056353            -0.185571             0.314789            -1.360973            -0.777917             0.129218            -0.751747
log(i(-1))                      -0.001150            -0.003787             0.006424            -0.027775            -0.015876             0.002637            -0.015342
log(v(-1))                      -0.651803            -0.733073            -0.135657            -2.466134            -0.489263             0.081270            -0.432965
log(a(-1))                       1.898192             0.679869             0.538455             6.677874             1.424839             1.218324             1.297021
log(delta_u(-1))                 0.001150             0.003787            -0.006424             0.027775             0.015876            -0.002637             0.015342
eps_a                            1.956899             0.700895             0.555108             6.884406             1.468907             1.256004             1.337135
eps_v                           -0.686108            -0.771656            -0.142797            -2.595931            -0.515013             0.085548            -0.455752


THEORETICAL MOMENTS
VARIABLE         MEAN  STD. DEV.   VARIANCE
log(y)         0.1037     0.0875     0.0077
log(n)        -1.0986     0.0496     0.0025
log(c)        -0.1467     0.0576     0.0033
log(i)        -1.4038     0.2581     0.0666
log(u)         0.0000     0.0746     0.0056
log(w)         0.7968     0.0622     0.0039
log(r)        -4.5951     0.0717     0.0051



VARIANCE DECOMPOSITION (in percent)
           eps_a   eps_v
log(y)     76.65   23.35
log(n)     19.39   80.61
log(c)     82.54   17.46
log(i)     70.78   29.22
log(u)     74.53   25.47
log(w)     98.99    1.01
log(r)     74.99   25.01



MATRIX OF CORRELATIONS
Variables     log(y)   log(n)   log(c)   log(i)   log(u)   log(w)   log(r)
log(y)        1.0000   0.7204   0.8157   0.8913   0.1729   0.8330   0.1146
log(n)        0.7204   1.0000   0.3519   0.8268   0.4762   0.2163   0.4310
log(c)        0.8157   0.3519   1.0000   0.4648  -0.4264   0.8675  -0.4784
log(i)        0.8913   0.8268   0.4648   1.0000   0.5990   0.5951   0.5504
log(u)        0.1729   0.4762  -0.4264   0.5990   1.0000  -0.1364   0.9982
log(w)        0.8330   0.2163   0.8675   0.5951  -0.1364   1.0000  -0.1826
log(r)        0.1146   0.4310  -0.4784   0.5504   0.9982  -0.1826   1.0000



COEFFICIENTS OF AUTOCORRELATION
Order          1       2       3       4       5
log(y)    0.9619  0.9253  0.8901  0.8563  0.8238
log(n)    0.9396  0.8824  0.8282  0.7768  0.7281
log(c)    0.9940  0.9876  0.9808  0.9736  0.9660
log(i)    0.9423  0.8872  0.8348  0.7847  0.7370
log(u)    0.9689  0.9389  0.9099  0.8818  0.8547
log(w)    0.9790  0.9583  0.9381  0.9183  0.8989
log(r)    0.9725  0.9458  0.9199  0.8947  0.8704
Total computing time : 0h00m01s
