Starting Dynare (version 5.1).
Calling Dynare with arguments: none
Starting preprocessing of the model file ...
WARNING: in the 'steady_state_model' block, variable 'tb' is declared twice
WARNING: in the 'steady_state_model' block, variable 'tb_y' is declared twice
Found 14 equation(s).
Evaluating expressions...done
Computing static model derivatives (order 1).
Computing dynamic model derivatives (order 1).
Processing outputs ...
done
Preprocessing completed.


STEADY-STATE RESULTS:

c        		 0.174205
k        		 0.301867
a        		 1
h        		 0.180429
d        		 0.0070201
y        		 0.21273
invest   		 0.037887
tb       		 1.00064
mu_c     		 142.418
tb_y     		 1.003
g_y      		 1
g_c      		 1
g_invest 		 1
r        		 1.1

EIGENVALUES:
         Modulus             Real        Imaginary

               0                0                0
       2.458e-17       -2.458e-17                0
       5.599e-12       -5.599e-12                0
         0.01561         -0.01561                0
             0.1              0.1                0
          0.9981           0.9981                0
           1.102            1.102                0
       6.607e+16        6.607e+16                0
       1.333e+18       -1.333e+18                0


There are 3 eigenvalue(s) larger than 1 in modulus 
for 3 forward-looking variable(s)

The rank condition is verified.


MODEL SUMMARY

  Number of variables:         14
  Number of stochastic shocks: 1
  Number of state variables:   6
  Number of jumpers:           3
  Number of static variables:  6


MATRIX OF COVARIANCE OF EXOGENOUS SHOCKS
Variables       eps_a
eps_a        0.002500

POLICY AND TRANSITION FUNCTIONS
                                 log(g_y)             log(g_c)        log(g_invest)            log(tb_y)
Constant                                0                    0                    0             0.003000
log(c(-1))                              0            -1.000000                    0                    0
log(k(-1))                       0.556522             0.465153            -6.967568             1.414852
log(d(-1))                              0            -0.003734            -0.002629             0.003526
log(y(-1))                      -1.000000                    0                    0                    0
log(invest(-1))                         0                    0            -1.000000                    0
log(a(-1))                       0.173913             0.102670             0.312454             0.033667
eps_a                            1.739130             1.026704             3.124537             0.336668


THEORETICAL MOMENTS
VARIABLE              MEAN  STD. DEV.   VARIANCE
log(g_y)            0.0000     0.1114     0.0124
log(g_c)            0.0000     0.0628     0.0039
log(g_invest)       0.0000     0.3356     0.1126
log(tb_y)           0.0030     0.0871     0.0076



MATRIX OF CORRELATIONS
Variables             log(g_y)       log(g_c)  log(g_invest)      log(tb_y)
log(g_y)                1.0000         0.9981         0.8080        -0.0345
log(g_c)                0.9981         1.0000         0.7901        -0.0098
log(g_invest)           0.8080         0.7901         1.0000        -0.1785
log(tb_y)              -0.0345        -0.0098        -0.1785         1.0000



COEFFICIENTS OF AUTOCORRELATION
Order                  1        2        3        4        5
log(g_y)         -0.3745  -0.1141  -0.0102  -0.0010  -0.0001
log(g_c)         -0.3726  -0.1110  -0.0100  -0.0010  -0.0001
log(g_invest)    -0.6433   0.1320   0.0101   0.0011   0.0001
log(tb_y)         0.9157   0.8395   0.8315   0.8292   0.8276
Total computing time : 0h00m03s
Note: 2 warning(s) encountered in the preprocessor
