Starting Dynare (version 5.0).
Calling Dynare with arguments: none
Starting preprocessing of the model file ...
Found 4 equation(s).
Evaluating expressions...done
Computing static model derivatives (order 1).
Computing dynamic model derivatives (order 2).
Processing outputs ...
done
Preprocessing completed.


MODEL SUMMARY

  Number of variables:         4
  Number of stochastic shocks: 2
  Number of state variables:   2
  Number of jumpers:           2
  Number of static variables:  0


MATRIX OF COVARIANCE OF EXOGENOUS SHOCKS
Variables          ea        ei
ea           1.000000  0.000000
ei           0.000000  1.000000

POLICY AND TRANSITION FUNCTIONS
                                   y               i              pi               a
Constant                   -0.001569       -0.020202       -0.020202               0
i(-1)                      -1.514425        0.519389       -0.401359               0
a(-1)                       0.583494       -0.063715       -0.141589        0.900000
ea                          0.648326       -0.070795       -0.157322        1.000000
ei                         -2.163464        0.741984       -0.573370               0


THEORETICAL MOMENTS
VARIABLE         MEAN  STD. DEV.   VARIANCE
y             -0.0016     3.1760    10.0867
i             -0.0202     0.9238     0.8535
pi            -0.0202     0.7190     0.5170
a              0.0000     2.2942     5.2632



VARIANCE DECOMPOSITION (in percent)
          ea      ei
y      36.45   63.55
i      11.66   88.34
pi     12.92   87.08
a     100.00    0.00



MATRIX OF CORRELATIONS
Variables         y       i      pi       a
y            1.0000 -0.9535  0.5414  0.5992
i           -0.9535  1.0000 -0.7695 -0.3301
pi           0.5414 -0.7695  1.0000 -0.3488
a            0.5992 -0.3301 -0.3488  1.0000



COEFFICIENTS OF AUTOCORRELATION
Order          1       2       3       4       5
y         0.6726  0.4872  0.3772  0.3076  0.2603
i         0.5716  0.3439  0.2209  0.1528  0.1136
pi        0.5544  0.3195  0.1943  0.1264  0.0886
a         0.9000  0.8100  0.7290  0.6561  0.5905
Total computing time : 0h00m05s
